This file contains any messages produced by compilers while
running configure, to aid debugging if configure makes a mistake.

It was created by ordacity configure 0.1, which was
generated by GNU Autoconf 2.61.  Invocation command line was

  $ ./configure --no-create --no-recursion

## --------- ##
## Platform. ##
## --------- ##

hostname = Rays-Macbook-Pro.local
uname -m = x86_64
uname -r = 11.4.0
uname -s = Darwin
uname -v = Darwin Kernel Version 11.4.0: Mon Apr  9 19:32:15 PDT 2012; root:xnu-1699.26.8~1/RELEASE_X86_64

/usr/bin/uname -p = i386
/bin/uname -X     = unknown

/bin/arch              = unknown
/usr/bin/arch -k       = unknown
/usr/convex/getsysinfo = unknown
/usr/bin/hostinfo      = Mach kernel version:
	 Darwin Kernel Version 11.4.0: Mon Apr  9 19:32:15 PDT 2012; root:xnu-1699.26.8~1/RELEASE_X86_64
Kernel configured for up to 8 processors.
4 processors are physically available.
8 processors are logically available.
Processor type: i486 (Intel 80486)
Processors active: 0 1 2 3 4 5 6 7
Primary memory available: 16.00 gigabytes
Default processor set: 169 tasks, 988 threads, 8 processors
Load average: 3.17, Mach factor: 4.82
/bin/machine           = unknown
/usr/bin/oslevel       = unknown
/bin/universe          = unknown

PATH: /opt/local/bin
PATH: /Users/rjenkins/play-1.2.4
PATH: /usr/local/scala/bin
PATH: /usr/local/arcanist/bin
PATH: /usr/bin
PATH: /bin
PATH: /usr/sbin
PATH: /sbin
PATH: /usr/local/bin
PATH: /usr/X11/bin
PATH: /usr/texbin


## ----------- ##
## Core tests. ##
## ----------- ##

configure:1732: checking for a BSD-compatible install
configure:1788: result: /usr/bin/install -c
configure:1799: checking whether build environment is sane
configure:1842: result: yes
configure:1870: checking for a thread-safe mkdir -p
configure:1909: result: ./install-sh -c -d
configure:1922: checking for gawk
configure:1952: result: no
configure:1922: checking for mawk
configure:1952: result: no
configure:1922: checking for nawk
configure:1952: result: no
configure:1922: checking for awk
configure:1938: found /usr/bin/awk
configure:1949: result: awk
configure:1960: checking whether make sets $(MAKE)
configure:1981: result: yes
configure:2212: checking for ranlib
configure:2228: found /usr/bin/ranlib
configure:2239: result: ranlib
configure:2315: checking for gcc
configure:2331: found /usr/bin/gcc
configure:2342: result: gcc
configure:2580: checking for C compiler version
configure:2587: gcc --version >&5
i686-apple-darwin11-llvm-gcc-4.2 (GCC) 4.2.1 (Based on Apple Inc. build 5658) (LLVM build 2336.9.00)
Copyright (C) 2007 Free Software Foundation, Inc.
This is free software; see the source for copying conditions.  There is NO
warranty; not even for MERCHANTABILITY or FITNESS FOR A PARTICULAR PURPOSE.

configure:2590: $? = 0
configure:2597: gcc -v >&5
Using built-in specs.
Target: i686-apple-darwin11
Configured with: /private/var/tmp/llvmgcc42/llvmgcc42-2336.9~22/src/configure --disable-checking --enable-werror --prefix=/Applications/Xcode.app/Contents/Developer/usr/llvm-gcc-4.2 --mandir=/share/man --enable-languages=c,objc,c++,obj-c++ --program-prefix=llvm- --program-transform-name=/^[cg][^.-]*$/s/$/-4.2/ --with-slibdir=/usr/lib --build=i686-apple-darwin11 --enable-llvm=/private/var/tmp/llvmgcc42/llvmgcc42-2336.9~22/dst-llvmCore/Developer/usr/local --program-prefix=i686-apple-darwin11- --host=x86_64-apple-darwin11 --target=i686-apple-darwin11 --with-gxx-include-dir=/usr/include/c++/4.2.1
Thread model: posix
gcc version 4.2.1 (Based on Apple Inc. build 5658) (LLVM build 2336.9.00)
configure:2600: $? = 0
configure:2607: gcc -V >&5
llvm-gcc-4.2: argument to `-V' is missing
configure:2610: $? = 1
configure:2633: checking for C compiler default output file name
configure:2660: gcc    conftest.c  >&5
configure:2663: $? = 0
configure:2701: result: a.out
configure:2718: checking whether the C compiler works
configure:2728: ./a.out
configure:2731: $? = 0
configure:2748: result: yes
configure:2755: checking whether we are cross compiling
configure:2757: result: no
configure:2760: checking for suffix of executables
configure:2767: gcc -o conftest    conftest.c  >&5
configure:2770: $? = 0
configure:2794: result: 
configure:2800: checking for suffix of object files
configure:2826: gcc -c   conftest.c >&5
configure:2829: $? = 0
configure:2852: result: o
configure:2856: checking whether we are using the GNU C compiler
configure:2885: gcc -c   conftest.c >&5
configure:2891: $? = 0
configure:2908: result: yes
configure:2913: checking whether gcc accepts -g
configure:2943: gcc -c -g  conftest.c >&5
configure:2949: $? = 0
configure:3048: result: yes
configure:3065: checking for gcc option to accept ISO C89
configure:3139: gcc  -c -g -O2  conftest.c >&5
configure:3145: $? = 0
configure:3168: result: none needed
configure:3197: checking for style of include used by make
configure:3225: result: GNU
configure:3250: checking dependency style of gcc
configure:3341: result: gcc3
configure:3361: checking for main in -lm
configure:3390: gcc -o conftest -g -O2   conftest.c -lm   >&5
configure:3396: $? = 0
configure:3414: result: yes
configure:3578: creating ./config.status

## ---------------- ##
## Cache variables. ##
## ---------------- ##

ac_cv_c_compiler_gnu=yes
ac_cv_env_CC_set=
ac_cv_env_CC_value=
ac_cv_env_CFLAGS_set=
ac_cv_env_CFLAGS_value=
ac_cv_env_CPPFLAGS_set=
ac_cv_env_CPPFLAGS_value=
ac_cv_env_LDFLAGS_set=
ac_cv_env_LDFLAGS_value=
ac_cv_env_LIBS_set=
ac_cv_env_LIBS_value=
ac_cv_env_build_alias_set=
ac_cv_env_build_alias_value=
ac_cv_env_host_alias_set=
ac_cv_env_host_alias_value=
ac_cv_env_target_alias_set=
ac_cv_env_target_alias_value=
ac_cv_lib_m_main=yes
ac_cv_objext=o
ac_cv_path_install='/usr/bin/install -c'
ac_cv_prog_AWK=awk
ac_cv_prog_ac_ct_CC=gcc
ac_cv_prog_ac_ct_RANLIB=ranlib
ac_cv_prog_cc_c89=
ac_cv_prog_cc_g=yes
ac_cv_prog_make_make_set=yes
am_cv_CC_dependencies_compiler_type=gcc3

## ----------------- ##
## Output variables. ##
## ----------------- ##

ACLOCAL='${SHELL} /Users/rjenkins/Documents/Boundary/ordacity/missing --run aclocal-1.10'
AMDEPBACKSLASH='\'
AMDEP_FALSE='#'
AMDEP_TRUE=''
AMTAR='${SHELL} /Users/rjenkins/Documents/Boundary/ordacity/missing --run tar'
AUTOCONF='${SHELL} /Users/rjenkins/Documents/Boundary/ordacity/missing --run autoconf'
AUTOHEADER='${SHELL} /Users/rjenkins/Documents/Boundary/ordacity/missing --run autoheader'
AUTOMAKE='${SHELL} /Users/rjenkins/Documents/Boundary/ordacity/missing --run automake-1.10'
AWK='awk'
CC='gcc'
CCDEPMODE='depmode=gcc3'
CFLAGS='-g -O2'
CPPFLAGS=''
CYGPATH_W='echo'
DEFS='-DPACKAGE_NAME=\"ordacity\" -DPACKAGE_TARNAME=\"ordacity\" -DPACKAGE_VERSION=\"0.1\" -DPACKAGE_STRING=\"ordacity\ 0.1\" -DPACKAGE_BUGREPORT=\"ray@boundary.com\" -DPACKAGE=\"ordacity\" -DVERSION=\"0.1\" -DHAVE_LIBM=1'
DEPDIR='.deps'
ECHO_C='ECHO_N=''
ECHO_T=''
EXEEXT=''
INSTALL_DATA='${INSTALL} -m 644'
INSTALL_PROGRAM='${INSTALL}'
INSTALL_SCRIPT='${INSTALL}'
INSTALL_STRIP_PROGRAM='$(install_sh) -c -s'
LDFLAGS=''
LIBOBJS=''
LIBS='-lm '
LTLIBOBJS=''
MAKEINFO='${SHELL} /Users/rjenkins/Documents/Boundary/ordacity/missing --run makeinfo'
OBJEXT='o'
PACKAGE='ordacity'
PACKAGE_BUGREPORT='ray@boundary.com'
PACKAGE_NAME='ordacity'
PACKAGE_STRING='ordacity 0.1'
PACKAGE_TARNAME='ordacity'
PACKAGE_VERSION='0.1'
PATH_SEPARATOR=':'
RANLIB='ranlib'
SET_MAKE=''
SHELL='/bin/sh'
STRIP=''
VERSION='0.1'
ac_ct_CC='gcc'
am__fastdepCC_FALSE='#'
am__fastdepCC_TRUE=''
am__include='include'
am__isrc=''
am__leading_dot='.'
am__quote=''
am__tar='${AMTAR} chof - "$$tardir"'
am__untar='${AMTAR} xf -'
bindir='${exec_prefix}/bin'
build_alias=''
datadir='${datarootdir}'
datarootdir='${prefix}/share'
docdir='${datarootdir}/doc/${PACKAGE_TARNAME}'
dvidir='${docdir}'
exec_prefix='${prefix}'
host_alias=''
htmldir='${docdir}'
includedir='${prefix}/include'
infodir='${datarootdir}/info'
install_sh='$(SHELL) /Users/rjenkins/Documents/Boundary/ordacity/install-sh'
libdir='${exec_prefix}/lib'
libexecdir='${exec_prefix}/libexec'
localedir='${datarootdir}/locale'
localstatedir='${prefix}/var'
mandir='${datarootdir}/man'
mkdir_p='$(top_builddir)/./install-sh -c -d'
oldincludedir='/usr/include'
pdfdir='${docdir}'
prefix='/usr/local'
program_transform_name='s,x,x,'
psdir='${docdir}'
sbindir='${exec_prefix}/sbin'
sharedstatedir='${prefix}/com'
sysconfdir='${prefix}/etc'
target_alias=''

## ----------- ##
## confdefs.h. ##
## ----------- ##

#define PACKAGE_NAME "ordacity"
#define PACKAGE_TARNAME "ordacity"
#define PACKAGE_VERSION "0.1"
#define PACKAGE_STRING "ordacity 0.1"
#define PACKAGE_BUGREPORT "ray@boundary.com"
#define PACKAGE "ordacity"
#define VERSION "0.1"
#define HAVE_LIBM 1

configure: exit 0

## ---------------------- ##
## Running config.status. ##
## ---------------------- ##

This file was extended by ordacity config.status 0.1, which was
generated by GNU Autoconf 2.61.  Invocation command line was

  CONFIG_FILES    = 
  CONFIG_HEADERS  = 
  CONFIG_LINKS    = 
  CONFIG_COMMANDS = 
  $ ./config.status 

on Rays-Macbook-Pro.local

config.status:617: creating Makefile
config.status:617: creating src/Makefile
config.status:808: executing depfiles commands

## ---------------------- ##
## Running config.status. ##
## ---------------------- ##

This file was extended by ordacity config.status 0.1, which was
generated by GNU Autoconf 2.61.  Invocation command line was

  CONFIG_FILES    = 
  CONFIG_HEADERS  = 
  CONFIG_LINKS    = 
  CONFIG_COMMANDS = 
  $ ./config.status src/Makefile depfiles

on Rays-Macbook-Pro.local

config.status:617: creating src/Makefile
config.status:808: executing depfiles commands
